#! /usr/bin/vvp
:ivl_version "11.0 (stable)";
:ivl_delay_selection "TYPICAL";
:vpi_time_precision - 12;
:vpi_module "/usr/lib/x86_64-linux-gnu/ivl/system.vpi";
:vpi_module "/usr/lib/x86_64-linux-gnu/ivl/vhdl_sys.vpi";
:vpi_module "/usr/lib/x86_64-linux-gnu/ivl/vhdl_textio.vpi";
:vpi_module "/usr/lib/x86_64-linux-gnu/ivl/v2005_math.vpi";
:vpi_module "/usr/lib/x86_64-linux-gnu/ivl/va_math.vpi";
S_0x590dd05c7420 .scope module, "sar_algorithm_tb" "sar_algorithm_tb" 2 3;
 .timescale -9 -12;
v0x590dd05dff90_0 .net "B", 7 0, v0x590dd058b7b0_0;  1 drivers
v0x590dd05e0070_0 .net "BN", 7 0, v0x590dd058bba0_0;  1 drivers
v0x590dd05e0140_0 .net "D", 7 0, v0x590dd05df8e0_0;  1 drivers
v0x590dd05e0240_0 .var "En", 0 0;
v0x590dd05e0310_0 .var "Om", 0 0;
v0x590dd05e03b0_0 .var "Op", 0 0;
v0x590dd05e0480_0 .var "clk", 0 0;
v0x590dd05e0550_0 .var "rst", 0 0;
S_0x590dd05c75b0 .scope module, "uut" "sar_algorithm" 2 9, 3 3 0, S_0x590dd05c7420;
 .timescale 0 0;
    .port_info 0 /INPUT 1 "Op";
    .port_info 1 /INPUT 1 "En";
    .port_info 2 /INPUT 1 "Om";
    .port_info 3 /INPUT 1 "clk";
    .port_info 4 /INPUT 1 "rst";
    .port_info 5 /OUTPUT 8 "B";
    .port_info 6 /OUTPUT 8 "BN";
    .port_info 7 /OUTPUT 8 "D";
v0x590dd058b7b0_0 .var "B", 7 0;
v0x590dd058bba0_0 .var "BN", 7 0;
v0x590dd05df8e0_0 .var "D", 7 0;
v0x590dd05df9a0_0 .net "En", 0 0, v0x590dd05e0240_0;  1 drivers
v0x590dd05dfa60_0 .net "Om", 0 0, v0x590dd05e0310_0;  1 drivers
v0x590dd05dfb70_0 .net "Op", 0 0, v0x590dd05e03b0_0;  1 drivers
v0x590dd05dfc30_0 .net "clk", 0 0, v0x590dd05e0480_0;  1 drivers
v0x590dd05dfcf0_0 .var "counter", 2 0;
v0x590dd05dfdd0_0 .net "rst", 0 0, v0x590dd05e0550_0;  1 drivers
E_0x590dd05c3e10 .event posedge, v0x590dd05dfc30_0;
    .scope S_0x590dd05c75b0;
T_0 ;
    %pushi/vec4 0, 0, 3;
    %store/vec4 v0x590dd05dfcf0_0, 0, 3;
    %end;
    .thread T_0;
    .scope S_0x590dd05c75b0;
T_1 ;
    %wait E_0x590dd05c3e10;
    %load/vec4 v0x590dd05df9a0_0;
    %load/vec4 v0x590dd05dfdd0_0;
    %nor/r;
    %and;
    %load/vec4 v0x590dd05dfb70_0;
    %load/vec4 v0x590dd05dfa60_0;
    %xor;
    %and;
    %flag_set/vec4 8;
    %jmp/0xz  T_1.0, 8;
    %load/vec4 v0x590dd05dfcf0_0;
    %cmpi/ne 7, 0, 3;
    %jmp/0xz  T_1.2, 4;
    %load/vec4 v0x590dd05dfb70_0;
    %ix/load 5, 0, 0;
    %ix/getv 4, v0x590dd05dfcf0_0;
    %assign/vec4/off/d v0x590dd05df8e0_0, 4, 5;
    %load/vec4 v0x590dd05dfb70_0;
    %flag_set/vec4 8;
    %jmp/0xz  T_1.4, 8;
    %pushi/vec4 1, 0, 1;
    %ix/load 5, 0, 0;
    %ix/getv 4, v0x590dd05dfcf0_0;
    %assign/vec4/off/d v0x590dd058b7b0_0, 4, 5;
    %pushi/vec4 0, 0, 1;
    %ix/load 5, 0, 0;
    %ix/getv 4, v0x590dd05dfcf0_0;
    %assign/vec4/off/d v0x590dd058bba0_0, 4, 5;
    %jmp T_1.5;
T_1.4 ;
    %load/vec4 v0x590dd05dfa60_0;
    %flag_set/vec4 8;
    %jmp/0xz  T_1.6, 8;
    %pushi/vec4 0, 0, 1;
    %ix/load 5, 0, 0;
    %ix/getv 4, v0x590dd05dfcf0_0;
    %assign/vec4/off/d v0x590dd058b7b0_0, 4, 5;
    %pushi/vec4 1, 0, 1;
    %ix/load 5, 0, 0;
    %ix/getv 4, v0x590dd05dfcf0_0;
    %assign/vec4/off/d v0x590dd058bba0_0, 4, 5;
T_1.6 ;
T_1.5 ;
    %load/vec4 v0x590dd05dfcf0_0;
    %addi 1, 0, 3;
    %assign/vec4 v0x590dd05dfcf0_0, 0;
T_1.2 ;
    %jmp T_1.1;
T_1.0 ;
    %load/vec4 v0x590dd05dfdd0_0;
    %flag_set/vec4 8;
    %jmp/0xz  T_1.8, 8;
    %pushi/vec4 0, 0, 8;
    %assign/vec4 v0x590dd058b7b0_0, 0;
    %pushi/vec4 0, 0, 8;
    %assign/vec4 v0x590dd058bba0_0, 0;
    %pushi/vec4 0, 0, 8;
    %assign/vec4 v0x590dd05df8e0_0, 0;
    %pushi/vec4 0, 0, 3;
    %assign/vec4 v0x590dd05dfcf0_0, 0;
T_1.8 ;
T_1.1 ;
    %jmp T_1;
    .thread T_1;
    .scope S_0x590dd05c7420;
T_2 ;
    %delay 10000, 0;
    %load/vec4 v0x590dd05e0480_0;
    %inv;
    %store/vec4 v0x590dd05e0480_0, 0, 1;
    %jmp T_2;
    .thread T_2;
    .scope S_0x590dd05c7420;
T_3 ;
    %vpi_call 2 24 "$dumpfile", "sar_algo_tb.vcd" {0 0 0};
    %vpi_call 2 25 "$dumpvars", 32'sb00000000000000000000000000000000, S_0x590dd05c7420 {0 0 0};
    %pushi/vec4 0, 0, 1;
    %store/vec4 v0x590dd05e0480_0, 0, 1;
    %pushi/vec4 0, 0, 1;
    %store/vec4 v0x590dd05e0550_0, 0, 1;
    %pushi/vec4 0, 0, 1;
    %store/vec4 v0x590dd05e0240_0, 0, 1;
    %pushi/vec4 0, 0, 1;
    %store/vec4 v0x590dd05e03b0_0, 0, 1;
    %pushi/vec4 0, 0, 1;
    %store/vec4 v0x590dd05e0310_0, 0, 1;
    %delay 10000, 0;
    %pushi/vec4 1, 0, 1;
    %store/vec4 v0x590dd05e0550_0, 0, 1;
    %delay 10000, 0;
    %pushi/vec4 0, 0, 1;
    %store/vec4 v0x590dd05e0550_0, 0, 1;
    %pushi/vec4 1, 0, 1;
    %store/vec4 v0x590dd05e0240_0, 0, 1;
    %delay 10000, 0;
    %pushi/vec4 1, 0, 1;
    %store/vec4 v0x590dd05e03b0_0, 0, 1;
    %pushi/vec4 0, 0, 1;
    %store/vec4 v0x590dd05e0310_0, 0, 1;
    %delay 10000, 0;
    %pushi/vec4 1, 0, 1;
    %store/vec4 v0x590dd05e03b0_0, 0, 1;
    %pushi/vec4 0, 0, 1;
    %store/vec4 v0x590dd05e0310_0, 0, 1;
    %delay 10000, 0;
    %pushi/vec4 1, 0, 1;
    %store/vec4 v0x590dd05e03b0_0, 0, 1;
    %pushi/vec4 0, 0, 1;
    %store/vec4 v0x590dd05e0310_0, 0, 1;
    %delay 10000, 0;
    %pushi/vec4 1, 0, 1;
    %store/vec4 v0x590dd05e03b0_0, 0, 1;
    %pushi/vec4 0, 0, 1;
    %store/vec4 v0x590dd05e0310_0, 0, 1;
    %delay 10000, 0;
    %pushi/vec4 1, 0, 1;
    %store/vec4 v0x590dd05e03b0_0, 0, 1;
    %pushi/vec4 0, 0, 1;
    %store/vec4 v0x590dd05e0310_0, 0, 1;
    %delay 10000, 0;
    %pushi/vec4 1, 0, 1;
    %store/vec4 v0x590dd05e03b0_0, 0, 1;
    %pushi/vec4 0, 0, 1;
    %store/vec4 v0x590dd05e0310_0, 0, 1;
    %delay 10000, 0;
    %pushi/vec4 1, 0, 1;
    %store/vec4 v0x590dd05e03b0_0, 0, 1;
    %pushi/vec4 0, 0, 1;
    %store/vec4 v0x590dd05e0310_0, 0, 1;
    %delay 10000, 0;
    %pushi/vec4 1, 0, 1;
    %store/vec4 v0x590dd05e03b0_0, 0, 1;
    %pushi/vec4 0, 0, 1;
    %store/vec4 v0x590dd05e0310_0, 0, 1;
    %delay 10000, 0;
    %pushi/vec4 1, 0, 1;
    %store/vec4 v0x590dd05e0550_0, 0, 1;
    %delay 50000, 0;
    %vpi_call 2 51 "$finish" {0 0 0};
    %end;
    .thread T_3;
# The file index is used to find the file name in the following table.
:file_names 4;
    "N/A";
    "<interactive>";
    "sar_algo_tb.v";
    "sar_algo.v";
