GDS input file passed, running in LVS mode
Found cell inverter in GDS ../layout/inverter.gds (only top cell)
Calling MAGIC
magic -dnull -noconsole -rcfile /home/pedersen/IHP-Open-PDK/ihp-sg13g2/libs.tech/magic/ihp-sg13g2.magicrc ./pex_output/inverter__inverter/magic_RC/inverter_MAGIC_RC_Script.tcl, output file: ./pex_output/inverter__inverter/magic_RC/inverter_MAGIC_RC_Output.txt

Magic 8.3 revision 530 - Compiled on Mo 7. Jul 14:09:23 CEST 2025.
Starting magic under Tcl interpreter
Using the terminal as the console.
Using NULL graphics device.
Processing system .magicrc file
Sourcing design .magicrc for technology ihp-sg13g2 ...
2 Magic internal units = 1 Lambda
Input style sg13g2(): scaleFactor=2, multiplier=2
The following types are not handled by extraction and will be treated as non-electrical types:
    fillfet sealcont difffill nemitter hvnemitter hvisodiffres sealvia1 sealvia2 sealvia3 sealvia4 sealvia5 sealvia6 pad seal thruvia 
Scaled tech values by 2 / 1 to match internal grid scaling
Loading "./pex_output/inverter__inverter/magic_RC/inverter_MAGIC_RC_Script.tcl" from command line.
Warning: Calma reading is not undoable!  I hope that's OK.
Library written using GDS-II Release 6.0
Library name: LIB
Reading "$$$CONTEXT_INFO$$$".
Reading "nmos".
Reading "ptap1".
Making label "sub!" on type isosubstrate in cell ptap1 sticky.
Reading "ntap1".
Reading "pmos$1".
Reading "inverter".
Extracting inverter into /home/pedersen/projects/IHP-AnalogAcademy/modules/module_3_8_bit_SAR_ADC/part_5_layout/components/inverter_example/pex/pex_output/inverter__inverter/magic_RC/inverter.ext:
Port: name = Vout is new node 0x6202078064b0
Location is (266, -211); drivepoint (266, -211)
Port: name = Vin is new node 0x62020780a810
Location is (95, -213); drivepoint (95, -213)
Port: name = Gnd is new node 0x6202079978f0
Location is (20, -732); drivepoint (20, -732)
Port: name = Vdd is new node 0x62020818bf70
Location is (-205, 318); drivepoint (-205, 318)
Total Nets: 4
Nets extracted: 4 (1.000000)
Nets output: 4 (1.000000)
Devs merged: 0
exttospice finished.
MAGIC succeeded after 0.1993s
Report DB saved at: ./pex_output/inverter__inverter/magic_RC/inverter_MAGIC_report.rdb.gz
SPICE netlist saved at: ./pex_output/inverter__inverter/magic_RC/inverter.pex.spice
* NGSPICE file created from inverter.ext - technology: ihp-sg13g2

.subckt inverter Vout Vin Gnd Vdd
X0 Vout Vin Vdd Vdd sg13_lv_pmos ad=0.68p pd=4.68u as=0.68p ps=4.68u w=2u l=0.45u
X1 Vout Vin Gnd Gnd sg13_lv_nmos ad=0.34p pd=2.68u as=0.34p ps=2.68u w=1u l=0.45u
C0 Vdd Vin 0.14482f
C1 Vout Vdd 0.13155f
C2 Vout Vin 0.10077f
R0 Vin Vin.n0 7.52248
C3 Vout Gnd 0.39245f
C4 Vin Gnd 0.64666f
C5 Vdd Gnd 0.15308f
.ends

