[2025-07-07 18:20:02,246] [INFO]    GDS input file passed, running in LVS mode
[2025-07-07 18:20:02,248] [INFO]    Found cell inverter in GDS ../layout/inverter.gds (only top cell)
[2025-07-07 18:20:02,254] [INFO]    Calling MAGIC
[2025-07-07 18:20:02,255] [SUBPROCESS]    magic -dnull -noconsole -rcfile /home/pedersen/IHP-Open-PDK/ihp-sg13g2/libs.tech/magic/ihp-sg13g2.magicrc ./pex_output/inverter__inverter/magic_RC/inverter_MAGIC_RC_Script.tcl, output file: ./pex_output/inverter__inverter/magic_RC/inverter_MAGIC_RC_Output.txt
[2025-07-07 18:20:02,278] [SUBPROCESS]    
[2025-07-07 18:20:02,279] [SUBPROCESS]    Magic 8.3 revision 530 - Compiled on Mo 7. Jul 14:09:23 CEST 2025.
[2025-07-07 18:20:02,280] [SUBPROCESS]    Starting magic under Tcl interpreter
[2025-07-07 18:20:02,281] [SUBPROCESS]    Using the terminal as the console.
[2025-07-07 18:20:02,281] [SUBPROCESS]    Using NULL graphics device.
[2025-07-07 18:20:02,313] [SUBPROCESS]    Processing system .magicrc file
[2025-07-07 18:20:02,320] [SUBPROCESS]    Sourcing design .magicrc for technology ihp-sg13g2 ...
[2025-07-07 18:20:02,321] [SUBPROCESS]    2 Magic internal units = 1 Lambda
[2025-07-07 18:20:02,342] [SUBPROCESS]    Input style sg13g2(): scaleFactor=2, multiplier=2
[2025-07-07 18:20:02,441] [SUBPROCESS]    The following types are not handled by extraction and will be treated as non-electrical types:
[2025-07-07 18:20:02,442] [SUBPROCESS]        fillfet sealcont difffill nemitter hvnemitter hvisodiffres sealvia1 sealvia2 sealvia3 sealvia4 sealvia5 sealvia6 pad seal thruvia 
[2025-07-07 18:20:02,446] [SUBPROCESS]    Scaled tech values by 2 / 1 to match internal grid scaling
[2025-07-07 18:20:02,447] [SUBPROCESS]    Loading "./pex_output/inverter__inverter/magic_RC/inverter_MAGIC_RC_Script.tcl" from command line.
[2025-07-07 18:20:02,447] [SUBPROCESS]    Warning: Calma reading is not undoable!  I hope that's OK.
[2025-07-07 18:20:02,448] [SUBPROCESS]    Library written using GDS-II Release 6.0
[2025-07-07 18:20:02,448] [SUBPROCESS]    Library name: LIB
[2025-07-07 18:20:02,449] [SUBPROCESS]    Reading "$$$CONTEXT_INFO$$$".
[2025-07-07 18:20:02,449] [SUBPROCESS]    Reading "nmos".
[2025-07-07 18:20:02,449] [SUBPROCESS]    Reading "ptap1".
[2025-07-07 18:20:02,450] [SUBPROCESS]    Making label "sub!" on type isosubstrate in cell ptap1 sticky.
[2025-07-07 18:20:02,450] [SUBPROCESS]    Reading "ntap1".
[2025-07-07 18:20:02,451] [SUBPROCESS]    Reading "pmos$1".
[2025-07-07 18:20:02,451] [SUBPROCESS]    Reading "inverter".
[2025-07-07 18:20:02,454] [SUBPROCESS]    Extracting inverter into /home/pedersen/projects/IHP-AnalogAcademy/modules/module_3_8_bit_SAR_ADC/part_5_layout/components/inverter_example/pex/pex_output/inverter__inverter/magic_RC/inverter.ext:
[2025-07-07 18:20:02,455] [SUBPROCESS]    Port: name = Vout is new node 0x56ea21d3d4a0
[2025-07-07 18:20:02,455] [SUBPROCESS]    Location is (266, -211); drivepoint (266, -211)
[2025-07-07 18:20:02,456] [SUBPROCESS]    Port: name = Vin is new node 0x56ea21d41800
[2025-07-07 18:20:02,456] [SUBPROCESS]    Location is (95, -213); drivepoint (95, -213)
[2025-07-07 18:20:02,457] [SUBPROCESS]    Port: name = Gnd is new node 0x56ea21ece8e0
[2025-07-07 18:20:02,457] [SUBPROCESS]    Location is (20, -732); drivepoint (20, -732)
[2025-07-07 18:20:02,458] [SUBPROCESS]    Port: name = Vdd is new node 0x56ea226c2f60
[2025-07-07 18:20:02,458] [SUBPROCESS]    Location is (-205, 318); drivepoint (-205, 318)
[2025-07-07 18:20:02,459] [SUBPROCESS]    Total Nets: 4
[2025-07-07 18:20:02,459] [SUBPROCESS]    Nets extracted: 4 (1.000000)
[2025-07-07 18:20:02,460] [SUBPROCESS]    Nets output: 4 (1.000000)
[2025-07-07 18:20:02,460] [SUBPROCESS]    Devs merged: 0
[2025-07-07 18:20:02,461] [SUBPROCESS]    exttospice finished.
[2025-07-07 18:20:02,461] [INFO]    MAGIC succeeded after 0.2051s
[2025-07-07 18:20:02,467] [SUBPROCESS]    Report DB saved at: ./pex_output/inverter__inverter/magic_RC/inverter_MAGIC_report.rdb.gz
[2025-07-07 18:20:02,467] [SUBPROCESS]    SPICE netlist saved at: ./pex_output/inverter__inverter/magic_RC/inverter.pex.spice
[2025-07-07 18:20:02,468] [SUBPROCESS]    * NGSPICE file created from inverter.ext - technology: ihp-sg13g2

.subckt inverter Vout Vin Gnd Vdd
X0 Vout Vin Vdd Vdd sg13_lv_pmos ad=0.68p pd=4.68u as=0.68p ps=4.68u w=2u l=0.45u
X1 Vout Vin Gnd Gnd sg13_lv_nmos ad=0.34p pd=2.68u as=0.34p ps=2.68u w=1u l=0.45u
C0 Vout Vdd 0.13155f
C1 Vout Vin 0.10077f
C2 Vdd Vin 0.14482f
R0 Vin Vin.n0 7.52248
C3 Vout Gnd 0.39245f
C4 Vin Gnd 0.64666f
C5 Vdd Gnd 0.15308f
.ends

